<?xml version="1.0" encoding="UTF-8"?>
<testng-results ignored="0" total="1" passed="1" failed="0" skipped="0">
  <reporter-output>
  </reporter-output>
  <suite started-at="2025-04-19T12:20:31 IST" name="Default suite" finished-at="2025-04-19T12:20:39 IST" duration-ms="7856">
    <groups>
    </groups>
    <test started-at="2025-04-19T12:20:31 IST" name="Default test" finished-at="2025-04-19T12:20:39 IST" duration-ms="7856">
      <class name="com.orangehrm.tests.LoginTest">
        <test-method is-config="true" signature="setUp()[pri:0, instance:com.orangehrm.tests.LoginTest@7807ac2c]" started-at="2025-04-19T12:20:31 IST" name="setUp" finished-at="2025-04-19T12:20:37 IST" duration-ms="6002" status="PASS">
          <reporter-output>
          </reporter-output>
        </test-method> <!-- setUp -->
        <test-method signature="validLoginTest()[pri:0, instance:com.orangehrm.tests.LoginTest@7807ac2c]" started-at="2025-04-19T12:20:37 IST" name="validLoginTest" finished-at="2025-04-19T12:20:38 IST" duration-ms="1442" status="PASS">
          <reporter-output>
          </reporter-output>
        </test-method> <!-- validLoginTest -->
        <test-method is-config="true" signature="tearDown()[pri:0, instance:com.orangehrm.tests.LoginTest@7807ac2c]" started-at="2025-04-19T12:20:38 IST" name="tearDown" finished-at="2025-04-19T12:20:39 IST" duration-ms="295" status="PASS">
          <reporter-output>
          </reporter-output>
        </test-method> <!-- tearDown -->
      </class> <!-- com.orangehrm.tests.LoginTest -->
    </test> <!-- Default test -->
  </suite> <!-- Default suite -->
</testng-results>
